<?xml version="1.0" encoding="UTF-8"?>
<!-- Generated by org.testng.reporters.JUnitReportReporter -->
<testsuite hostname="Sara" failures="0" tests="4" name="tests.SauceDemoTest" time="22.103" errors="0" timestamp="2025-04-18T10:45:30 IST" skipped="0">
  <testcase classname="tests.SauceDemoTest" name="verifySauceDemoFlow" time="2.670"/>
  <system-out/>
  <testcase classname="tests.SauceDemoTest" name="verifySauceDemoFlow" time="4.279"/>
  <system-out/>
  <testcase classname="tests.SauceDemoTest" name="verifySauceDemoFlow" time="9.885"/>
  <system-out/>
  <testcase classname="tests.SauceDemoTest" name="verifySauceDemoFlow" time="5.269"/>
  <system-out/>
</testsuite> <!-- tests.SauceDemoTest -->
